INFO   : alternative input starts before infile(s)
INFO   : initial track, from file input.gpx
INFO   : first   segment at <trkpt lat="10.000" lon="20.000" <ele>28 <time>2023-09-03T11:59:00Z
INFO   : end using alternative input at <trkpt lat="10.000" lon="20.000" <ele>29 <time>2023-09-03T11:59:59Z
INFO   : start using alternative input on  0:01:00 h gap after <trkpt lat="10.001" lon="20.000" <ele>40 <time>2023-09-03T12:01:00Z
INFO   : end using alternative input at <trkpt lat="10.001" lon="20.002" <ele>43 <time>2023-09-03T12:01:40Z
INFO   : infile(s) ended before alternative input
INFO   : last   segment end <trkpt lat="10.004" lon="20.000" <ele>64 <time>2023-09-03T12:04:00Z

INFO   : GPXConv statistics (not including sanitized trackpoints nor periods between segments)
At lat,lon,ele = 10.00000,20.00000,28 time = 2023-09-03T11:59:00Z: start
At lat,lon,ele = 10.00200,20.00000,50 time = 2023-09-03T12:02:00Z: max speed        =    44 km/h
At lat,lon,ele = 10.00000,20.00000,28 time = 2023-09-03T11:59:00Z: min altitude     =    28 m
At lat,lon,ele = 10.00400,20.00000,64 time = 2023-09-03T12:04:00Z: max altitude     =    64 m
At lat,lon,ele = 10.00400,20.00000,64 time = 2023-09-03T12:04:00Z: total  ascent    =   +36 m; avg rate  =  +432 m/h
At lat,lon,ele = 10.00000,20.00000,28 time = 2023-09-03T11:59:00Z: total descent    =    -0 m; avg rate  =    -0 m/h
At lat,lon,ele = 10.00300,20.00000,63 time = 2023-09-03T12:03:01Z: max  ascent rate = +5400 m/h at 5 km/h
At lat,lon,ele = 10.00400,20.00000,64 time = 2023-09-03T12:04:00Z: end
total distance       = 0.80 km
total moving time    = 0:04:01 h
average moving speed = 12 km/h
elevation not corrected
GPXConv statistics end
